<?xml version="1.0" encoding="UTF-8"?>
<testsuite name="org.thoughtworks.sg.command.entities.CommandCTest" tests="2" skipped="0" failures="0" errors="0" timestamp="2017-11-10T12:51:01" hostname="LAfsantiag" time="0.002">
  <properties/>
  <testcase name="shouldThrowErrorWhenPassingTheWrongNumberOfArguments" classname="org.thoughtworks.sg.command.entities.CommandCTest" time="0.001"/>
  <testcase name="shouldExecuteCCommand" classname="org.thoughtworks.sg.command.entities.CommandCTest" time="0.001"/>
  <system-out><![CDATA[]]></system-out>
  <system-err><![CDATA[]]></system-err>
</testsuite>
