<?xml version="1.0" encoding="UTF-8"?>
<testsuite name="org.thoughtworks.sg.integration.MainIntegrationTest" tests="1" skipped="0" failures="0" errors="0" timestamp="2017-11-10T12:51:02" hostname="LAfsantiag" time="0.005">
  <properties/>
  <testcase name="testMainRoutine" classname="org.thoughtworks.sg.integration.MainIntegrationTest" time="0.005"/>
  <system-out><![CDATA[]]></system-out>
  <system-err><![CDATA[]]></system-err>
</testsuite>
