<?xml version="1.0" encoding="UTF-8"?>
<testsuite name="org.thoughtworks.sg.command.entities.CommandBTest" tests="3" skipped="0" failures="0" errors="0" timestamp="2017-11-10T12:51:01" hostname="LAfsantiag" time="0.007">
  <properties/>
  <testcase name="shouldThrowErrorWhenTheColorIsInvalid" classname="org.thoughtworks.sg.command.entities.CommandBTest" time="0.0"/>
  <testcase name="shouldExecuteBCommand" classname="org.thoughtworks.sg.command.entities.CommandBTest" time="0.005"/>
  <testcase name="shouldThrowErrorWhenPassingTheWrongNumberOfArguments" classname="org.thoughtworks.sg.command.entities.CommandBTest" time="0.0"/>
  <system-out><![CDATA[]]></system-out>
  <system-err><![CDATA[]]></system-err>
</testsuite>
