<?xml version="1.0" encoding="UTF-8"?>
<testsuite name="org.thoughtworks.sg.command.AbstractCommandTest" tests="5" skipped="0" failures="0" errors="0" timestamp="2017-11-10T12:51:01" hostname="LAfsantiag" time="0.01">
  <properties/>
  <testcase name="shouldThrowErrorWhenPassingPointsThatAreNegative" classname="org.thoughtworks.sg.command.AbstractCommandTest" time="0.008"/>
  <testcase name="shouldThrowErrorWhenPassingInvertedPointsToCommand" classname="org.thoughtworks.sg.command.AbstractCommandTest" time="0.0"/>
  <testcase name="shouldThrowErrorWhenTryingToDrawOutsideCanvas" classname="org.thoughtworks.sg.command.AbstractCommandTest" time="0.0"/>
  <testcase name="shouldThrowErrorWhenPassingEmptyParameters" classname="org.thoughtworks.sg.command.AbstractCommandTest" time="0.0"/>
  <testcase name="shouldThrowErrorWhenPassingPointsThatAreNotIntegers" classname="org.thoughtworks.sg.command.AbstractCommandTest" time="0.001"/>
  <system-out><![CDATA[]]></system-out>
  <system-err><![CDATA[]]></system-err>
</testsuite>
