<?xml version="1.0" encoding="UTF-8"?>
<testsuite name="org.thoughtworks.sg.core.CanvasTest" tests="6" skipped="0" failures="0" errors="0" timestamp="2017-11-10T12:51:02" hostname="LAfsantiag" time="0.002">
  <properties/>
  <testcase name="shouldBucketFillTheCanvas" classname="org.thoughtworks.sg.core.CanvasTest" time="0.001"/>
  <testcase name="shouldCreateAEmptyCanvas" classname="org.thoughtworks.sg.core.CanvasTest" time="0.0"/>
  <testcase name="shouldRenderTheCanvas" classname="org.thoughtworks.sg.core.CanvasTest" time="0.0"/>
  <testcase name="shouldDrawARectangle" classname="org.thoughtworks.sg.core.CanvasTest" time="0.001"/>
  <testcase name="shouldDrawALineOnCanvas" classname="org.thoughtworks.sg.core.CanvasTest" time="0.0"/>
  <testcase name="shouldDrawACross" classname="org.thoughtworks.sg.core.CanvasTest" time="0.0"/>
  <system-out><![CDATA[]]></system-out>
  <system-err><![CDATA[]]></system-err>
</testsuite>
