<?xml version="1.0" encoding="UTF-8"?>
<testsuite name="org.thoughtworks.sg.command.entities.CommandQTest" tests="1" skipped="0" failures="0" errors="0" timestamp="2017-11-10T12:51:01" hostname="LAfsantiag" time="0.0">
  <properties/>
  <testcase name="shouldGenerateACommand" classname="org.thoughtworks.sg.command.entities.CommandQTest" time="0.0"/>
  <system-out><![CDATA[]]></system-out>
  <system-err><![CDATA[]]></system-err>
</testsuite>
