<?xml version="1.0" encoding="UTF-8"?>
<testsuite name="org.thoughtworks.sg.command.entities.CommandLTest" tests="2" skipped="0" failures="0" errors="0" timestamp="2017-11-10T12:51:01" hostname="LAfsantiag" time="0.001">
  <properties/>
  <testcase name="shouldThrowErrorWhenPassingTheWrongNumberOfArguments" classname="org.thoughtworks.sg.command.entities.CommandLTest" time="0.0"/>
  <testcase name="shouldExecuteLCommand" classname="org.thoughtworks.sg.command.entities.CommandLTest" time="0.001"/>
  <system-out><![CDATA[]]></system-out>
  <system-err><![CDATA[]]></system-err>
</testsuite>
